[32m[Nest] 83239  - [39m02/06/2026, 2:44:58 PM [32m    LOG[39m [38;5;3m[NestFactory] [39m[32mStarting Nest application...[39m
[32m[Nest] 83239  - [39m02/06/2026, 2:44:58 PM [32m    LOG[39m [38;5;3m[InstanceLoader] [39m[32mIdentityModule dependencies initialized[39m[38;5;3m +8ms[39m
[32m[Nest] 83239  - [39m02/06/2026, 2:44:58 PM [32m    LOG[39m [38;5;3m[InstanceLoader] [39m[32mNotificationsModule dependencies initialized[39m[38;5;3m +0ms[39m
[32m[Nest] 83239  - [39m02/06/2026, 2:44:58 PM [32m    LOG[39m [38;5;3m[InstanceLoader] [39m[32mGamificationModule dependencies initialized[39m[38;5;3m +0ms[39m
[32m[Nest] 83239  - [39m02/06/2026, 2:44:58 PM [32m    LOG[39m [38;5;3m[InstanceLoader] [39m[32mAnalyticsModule dependencies initialized[39m[38;5;3m +0ms[39m
[32m[Nest] 83239  - [39m02/06/2026, 2:44:58 PM [32m    LOG[39m [38;5;3m[InstanceLoader] [39m[32mAppModule dependencies initialized[39m[38;5;3m +0ms[39m
[32m[Nest] 83239  - [39m02/06/2026, 2:44:58 PM [32m    LOG[39m [38;5;3m[InstanceLoader] [39m[32mCqrsModule dependencies initialized[39m[38;5;3m +0ms[39m
[32m[Nest] 83239  - [39m02/06/2026, 2:44:58 PM [32m    LOG[39m [38;5;3m[InstanceLoader] [39m[32mCommunitiesModule dependencies initialized[39m[38;5;3m +0ms[39m
[32m[Nest] 83239  - [39m02/06/2026, 2:44:58 PM [32m    LOG[39m [38;5;3m[RoutesResolver] [39m[32mAppController {/}:[39m[38;5;3m +2ms[39m
[32m[Nest] 83239  - [39m02/06/2026, 2:44:58 PM [32m    LOG[39m [38;5;3m[RouterExplorer] [39m[32mMapped {/, GET} route[39m[38;5;3m +1ms[39m
[32m[Nest] 83239  - [39m02/06/2026, 2:44:58 PM [32m    LOG[39m [38;5;3m[RoutesResolver] [39m[32mCommunitiesController {/communities}:[39m[38;5;3m +0ms[39m
[32m[Nest] 83239  - [39m02/06/2026, 2:44:58 PM [32m    LOG[39m [38;5;3m[RouterExplorer] [39m[32mMapped {/communities, POST} route[39m[38;5;3m +0ms[39m
[32m[Nest] 83239  - [39m02/06/2026, 2:44:58 PM [32m    LOG[39m [38;5;3m[RouterExplorer] [39m[32mMapped {/communities/:id/join, POST} route[39m[38;5;3m +1ms[39m
[32m[Nest] 83239  - [39m02/06/2026, 2:44:58 PM [32m    LOG[39m [38;5;3m[RouterExplorer] [39m[32mMapped {/communities, GET} route[39m[38;5;3m +0ms[39m
[32m[Nest] 83239  - [39m02/06/2026, 2:44:58 PM [32m    LOG[39m [38;5;3m[NestApplication] [39m[32mNest application successfully started[39m[38;5;3m +1ms[39m
[Persistence] Saved community: DDD Subdomains (cda5b602-4609-4e09-9006-7d883397587d) with 1 members
[Gamification] badge to member user-1 for joining community cda5b602-4609-4e09-9006-7d883397587d
[Analytics] Community Created: DDD Subdomains (Private: true) at Fri Feb 06 2026 14:45:03 GMT+0100 (Central European Standard Time)
[Persistence] Saved community: DDD Subdomains (cda5b602-4609-4e09-9006-7d883397587d) with 2 members
[Notification] To: valid@example.com | Subject: Welcome! | Body: You have joined DDD Subdomains
[Gamification] badge to member user-123 for joining community cda5b602-4609-4e09-9006-7d883397587d
